# JRE version: OpenJDK Runtime Environment Microsoft-8297089 (17.0.8.1+1) (build 17.0.8.1+1-LTS)
# Java VM: OpenJDK 64-Bit Server VM Microsoft-8297089 (17.0.8.1+1-LTS, mixed mode, sharing, tiered, compressed oops, compressed class ptrs, g1 gc, windows-amd64)
GC Precious Log:
 CPUs: 4 total, 4 available
 Memory: 3965M
 Large Page Support: Disabled
 NUMA Support: Disabled
 Compressed Oops: Enabled (32-bit)
 Heap Region Size: 1M
 Heap Min Capacity: 8M
 Heap Initial Capacity: 62M
 Heap Max Capacity: 992M
 Pre-touch: Disabled
 Parallel Workers: 4
 Concurrent Workers: 1
 Concurrent Refinement Workers: 4
 Periodic GC: Disabled
Heap:
 garbage-first heap   total 55296K, used 30635K [0x00000000c2000000, 0x0000000100000000)
  region size 1024K, 10 young (10240K), 2 survivors (2048K)
 Metaspace       used 53334K, committed 53824K, reserved 1114112K
  class space    used 7231K, committed 7424K, reserved 1048576K
GC Heap History (20 events):
Event: 3.704 GC heap before
{Heap before GC invocations=2 (full 0):
 garbage-first heap   total 63488K, used 26741K [0x00000000c2000000, 0x0000000100000000)
  region size 1024K, 21 young (21504K), 1 survivors (1024K)
 Metaspace       used 11759K, committed 11968K, reserved 1114112K
  class space    used 1389K, committed 1472K, reserved 1048576K
}
Event: 3.709 GC heap after
{Heap after GC invocations=3 (full 0):
 garbage-first heap   total 63488K, used 9284K [0x00000000c2000000, 0x0000000100000000)
  region size 1024K, 3 young (3072K), 3 survivors (3072K)
 Metaspace       used 11759K, committed 11968K, reserved 1114112K
  class space    used 1389K, committed 1472K, reserved 1048576K
}
Event: 4.806 GC heap before
{Heap before GC invocations=3 (full 0):
 garbage-first heap   total 63488K, used 37956K [0x00000000c2000000, 0x0000000100000000)
  region size 1024K, 32 young (32768K), 3 survivors (3072K)
 Metaspace       used 17739K, committed 17984K, reserved 1114112K
  class space    used 2157K, committed 2304K, reserved 1048576K
}
Event: 4.817 GC heap after
{Heap after GC invocations=4 (full 0):
 garbage-first heap   total 63488K, used 12324K [0x00000000c2000000, 0x0000000100000000)
  region size 1024K, 4 young (4096K), 4 survivors (4096K)
 Metaspace       used 17739K, committed 17984K, reserved 1114112K
  class space    used 2157K, committed 2304K, reserved 1048576K
}
Event: 6.394 GC heap before
{Heap before GC invocations=4 (full 0):
 garbage-first heap   total 63488K, used 40996K [0x00000000c2000000, 0x0000000100000000)
  region size 1024K, 33 young (33792K), 4 survivors (4096K)
 Metaspace       used 21221K, committed 21504K, reserved 1114112K
  class space    used 2619K, committed 2752K, reserved 1048576K
}
Event: 6.407 GC heap after
{Heap after GC invocations=5 (full 0):
 garbage-first heap   total 63488K, used 14160K [0x00000000c2000000, 0x0000000100000000)
  region size 1024K, 3 young (3072K), 3 survivors (3072K)
 Metaspace       used 21221K, committed 21504K, reserved 1114112K
  class space    used 2619K, committed 2752K, reserved 1048576K
}
Event: 6.420 GC heap before
{Heap before GC invocations=5 (full 0):
 garbage-first heap   total 63488K, used 14160K [0x00000000c2000000, 0x0000000100000000)
  region size 1024K, 4 young (4096K), 3 survivors (3072K)
 Metaspace       used 21238K, committed 21504K, reserved 1114112K
  class space    used 2622K, committed 2752K, reserved 1048576K
}
Event: 6.432 GC heap after
{Heap after GC invocations=6 (full 0):
 garbage-first heap   total 63488K, used 14416K [0x00000000c2000000, 0x0000000100000000)
  region size 1024K, 1 young (1024K), 1 survivors (1024K)
 Metaspace       used 21238K, committed 21504K, reserved 1114112K
  class space    used 2622K, committed 2752K, reserved 1048576K
}
Event: 11.951 GC heap before
{Heap before GC invocations=7 (full 0):
 garbage-first heap   total 55296K, used 46160K [0x00000000c2000000, 0x0000000100000000)
  region size 1024K, 32 young (32768K), 1 survivors (1024K)
 Metaspace       used 26924K, committed 27328K, reserved 1114112K
  class space    used 3436K, committed 3648K, reserved 1048576K
}
Event: 11.967 GC heap after
{Heap after GC invocations=8 (full 0):
 garbage-first heap   total 55296K, used 17208K [0x00000000c2000000, 0x0000000100000000)
  region size 1024K, 4 young (4096K), 4 survivors (4096K)
 Metaspace       used 26924K, committed 27328K, reserved 1114112K
  class space    used 3436K, committed 3648K, reserved 1048576K
}
Event: 14.662 GC heap before
{Heap before GC invocations=8 (full 0):
 garbage-first heap   total 55296K, used 38712K [0x00000000c2000000, 0x0000000100000000)
  region size 1024K, 26 young (26624K), 4 survivors (4096K)
 Metaspace       used 31129K, committed 31552K, reserved 1114112K
  class space    used 3970K, committed 4160K, reserved 1048576K
}
Event: 14.678 GC heap after
{Heap after GC invocations=9 (full 0):
 garbage-first heap   total 55296K, used 18931K [0x00000000c2000000, 0x0000000100000000)
  region size 1024K, 2 young (2048K), 2 survivors (2048K)
 Metaspace       used 31129K, committed 31552K, reserved 1114112K
  class space    used 3970K, committed 4160K, reserved 1048576K
}
Event: 16.962 GC heap before
{Heap before GC invocations=9 (full 0):
 garbage-first heap   total 55296K, used 35315K [0x00000000c2000000, 0x0000000100000000)
  region size 1024K, 20 young (20480K), 2 survivors (2048K)
 Metaspace       used 35578K, committed 35968K, reserved 1114112K
  class space    used 4674K, committed 4864K, reserved 1048576K
}
Event: 16.970 GC heap after
{Heap after GC invocations=10 (full 0):
 garbage-first heap   total 55296K, used 19884K [0x00000000c2000000, 0x0000000100000000)
  region size 1024K, 3 young (3072K), 3 survivors (3072K)
 Metaspace       used 35578K, committed 35968K, reserved 1114112K
  class space    used 4674K, committed 4864K, reserved 1048576K
}
Event: 23.138 GC heap before
{Heap before GC invocations=11 (full 0):
 garbage-first heap   total 55296K, used 40364K [0x00000000c2000000, 0x0000000100000000)
  region size 1024K, 24 young (24576K), 3 survivors (3072K)
 Metaspace       used 41065K, committed 41536K, reserved 1114112K
  class space    used 5397K, committed 5632K, reserved 1048576K
}
Event: 23.150 GC heap after
{Heap after GC invocations=12 (full 0):
 garbage-first heap   total 55296K, used 21733K [0x00000000c2000000, 0x0000000100000000)
  region size 1024K, 3 young (3072K), 3 survivors (3072K)
 Metaspace       used 41065K, committed 41536K, reserved 1114112K
  class space    used 5397K, committed 5632K, reserved 1048576K
}
Event: 26.133 GC heap before
{Heap before GC invocations=12 (full 0):
 garbage-first heap   total 55296K, used 42213K [0x00000000c2000000, 0x0000000100000000)
  region size 1024K, 23 young (23552K), 3 survivors (3072K)
 Metaspace       used 47367K, committed 47808K, reserved 1114112K
  class space    used 6294K, committed 6528K, reserved 1048576K
}
Event: 26.144 GC heap after
{Heap after GC invocations=13 (full 0):
 garbage-first heap   total 55296K, used 23049K [0x00000000c2000000, 0x0000000100000000)
  region size 1024K, 2 young (2048K), 2 survivors (2048K)
 Metaspace       used 47367K, committed 47808K, reserved 1114112K
  class space    used 6294K, committed 6528K, reserved 1048576K
}
Event: 29.345 GC heap before
{Heap before GC invocations=13 (full 0):
 garbage-first heap   total 55296K, used 42505K [0x00000000c2000000, 0x0000000100000000)
  region size 1024K, 21 young (21504K), 2 survivors (2048K)
 Metaspace       used 51917K, committed 52416K, reserved 1114112K
  class space    used 7067K, committed 7296K, reserved 1048576K
}
Event: 29.352 GC heap after
{Heap after GC invocations=14 (full 0):
 garbage-first heap   total 55296K, used 23467K [0x00000000c2000000, 0x0000000100000000)
  region size 1024K, 2 young (2048K), 2 survivors (2048K)
 Metaspace       used 51917K, committed 52416K, reserved 1114112K
  class space    used 7067K, committed 7296K, reserved 1048576K
}

